[12/22/2024, 10:59:00 PM] [[33mDEBUG[0m] [
  [32m'Updating the config'[39m,
  {
    strict: [33mfalse[39m,
    rules: {
      [32m'no-boolean-in-attribute-binding'[39m: [32m'error'[39m,
      [32m'no-complex-attribute-binding'[39m: [32m'error'[39m,
      [32m'no-expressionless-property-binding'[39m: [32m'error'[39m,
      [32m'no-incompatible-property-type'[39m: [32m'warn'[39m,
      [32m'no-incompatible-type-binding'[39m: [32m'error'[39m,
      [32m'no-invalid-attribute-name'[39m: [32m'error'[39m,
      [32m'no-invalid-boolean-binding'[39m: [32m'error'[39m,
      [32m'no-invalid-css'[39m: [32m'warn'[39m,
      [32m'no-invalid-directive-binding'[39m: [32m'error'[39m,
      [32m'no-invalid-tag-name'[39m: [32m'error'[39m,
      [32m'no-legacy-attribute'[39m: [32m'off'[39m,
      [32m'no-missing-element-type-definition'[39m: [32m'off'[39m,
      [32m'no-missing-import'[39m: [32m'off'[39m,
      [32m'no-noncallable-event-binding'[39m: [32m'error'[39m,
      [32m'no-nullable-attribute-binding'[39m: [32m'error'[39m,
      [32m'no-property-visibility-mismatch'[39m: [32m'off'[39m,
      [32m'no-unclosed-tag'[39m: [32m'warn'[39m,
      [32m'no-unintended-mixed-binding'[39m: [32m'warn'[39m,
      [32m'no-unknown-attribute'[39m: [32m'off'[39m,
      [32m'no-unknown-event'[39m: [32m'off'[39m,
      [32m'no-unknown-property'[39m: [32m'off'[39m,
      [32m'no-unknown-slot'[39m: [32m'off'[39m,
      [32m'no-unknown-tag-name'[39m: [32m'off'[39m
    },
    securitySystem: [32m'off'[39m,
    disable: [33mfalse[39m,
    logging: [32m'verbose'[39m,
    cwd: [32m'/Users/ipw51/Documents/repos/griffidi/wc-rask/.vscode'[39m,
    format: { disable: [33mfalse[39m },
    dontSuggestConfigChanges: [33mfalse[39m,
    dontShowSuggestions: [33mfalse[39m,
    maxProjectImportDepth: [33mInfinity[39m,
    maxNodeModuleImportDepth: [33m1[39m,
    htmlTemplateTags: [ [32m'html'[39m, [32m'raw'[39m ],
    cssTemplateTags: [ [32m'css'[39m ],
    globalTags: [],
    globalAttributes: [],
    globalEvents: [],
    customHtmlData: []
  }
]
[12/22/2024, 10:59:00 PM] [[36mVERBOSE[0m] [ [32m'Starting ts-lit-plugin...'[39m ]
[12/22/2024, 10:59:00 PM] [[33mDEBUG[0m] [ [32m'Lit Analyzer: 2.0.3'[39m ]
[12/22/2024, 10:59:00 PM] [[33mDEBUG[0m] [ [32m'Web Component Analyzer: 2.0.0'[39m ]
[12/22/2024, 10:59:00 PM] [[33mDEBUG[0m] [ [32m'Running Typescript: 5.7.2'[39m ]
[12/22/2024, 10:59:00 PM] [[33mDEBUG[0m] [
  [32m'DIRNAME: /Users/ipw51/.vscode-insiders/extensions/runem.lit-plugin-1.4.3/node_modules/ts-lit-plugin/lib'[39m
]
[12/22/2024, 10:59:00 PM] [[36mVERBOSE[0m] [ [32m'[getCurrentProgram] Called'[39m ]
[12/22/2024, 10:59:00 PM] [[36mVERBOSE[0m] [
  [32m'[getCurrentProgram] Finished (0ms): Result: '[39m,
  [32m'undefined'[39m
]
[12/22/2024, 10:59:00 PM] [[36mVERBOSE[0m] [ [32m'[getProgram] Called'[39m ]
[12/22/2024, 10:59:00 PM] [[36mVERBOSE[0m] [
  [32m'[getProgram] Finished (179ms): Result: '[39m,
  [32m'defined'[39m
]
[12/22/2024, 10:59:00 PM] [[35mWARN[0m] [
  [32m'[getProgram] took long time to complete! (179ms)'[39m
]
[12/22/2024, 10:59:00 PM] [[36mVERBOSE[0m] [
  [32m'[getCompilerOptionsDiagnostics] Called'[39m
]
[12/22/2024, 10:59:00 PM] [[36mVERBOSE[0m] [
  [32m'[getCompilerOptionsDiagnostics] Finished (2ms): Result: '[39m,
  [32m'Array: 0 length'[39m
]
[12/22/2024, 10:59:00 PM] [[36mVERBOSE[0m] [ [32m'[getApplicableRefactors] Called'[39m ]
[12/22/2024, 10:59:00 PM] [[36mVERBOSE[0m] [
  [32m'[getApplicableRefactors] Finished (1ms): Result: '[39m,
  [32m'Array: 12 length'[39m
]
[12/22/2024, 10:59:00 PM] [[36mVERBOSE[0m] [
  [32m'[getEncodedSemanticClassifications] Called'[39m
]
[12/22/2024, 10:59:00 PM] [[36mVERBOSE[0m] [
  [32m'[getEncodedSemanticClassifications] Finished (1ms): Result: '[39m,
  [32m'defined'[39m
]
[12/22/2024, 10:59:00 PM] [[36mVERBOSE[0m] [ [32m'[getSyntacticDiagnostics] Called'[39m ]
[12/22/2024, 10:59:00 PM] [[36mVERBOSE[0m] [
  [32m'[getSyntacticDiagnostics] Finished (0ms): Result: '[39m,
  [32m'Array: 0 length'[39m
]
[12/22/2024, 10:59:00 PM] [[36mVERBOSE[0m] [ [32m'[getSemanticDiagnostics] Called'[39m ]
[12/22/2024, 10:59:00 PM] [[33mDEBUG[0m] [
  [32m'Analyzing components in /Applications/Visual Studio Code - Insiders.app/Contents/Resources/app/extensions/node_modules/typescript/lib/lib.es5.d.ts (changed) (0ms total)'[39m
]
[12/22/2024, 10:59:00 PM] [[33mDEBUG[0m] [
  [32m'Analyzing components in /Applications/Visual Studio Code - Insiders.app/Contents/Resources/app/extensions/node_modules/typescript/lib/lib.es2015.d.ts (changed) (0ms total)'[39m
]
[12/22/2024, 10:59:00 PM] [[33mDEBUG[0m] [
  [32m'Analyzing components in /Applications/Visual Studio Code - Insiders.app/Contents/Resources/app/extensions/node_modules/typescript/lib/lib.es2016.d.ts (changed) (0ms total)'[39m
]
[12/22/2024, 10:59:00 PM] [[33mDEBUG[0m] [
  [32m'Analyzing components in /Applications/Visual Studio Code - Insiders.app/Contents/Resources/app/extensions/node_modules/typescript/lib/lib.es2017.d.ts (changed) (0ms total)'[39m
]
[12/22/2024, 10:59:00 PM] [[33mDEBUG[0m] [
  [32m'Analyzing components in /Applications/Visual Studio Code - Insiders.app/Contents/Resources/app/extensions/node_modules/typescript/lib/lib.es2018.d.ts (changed) (0ms total)'[39m
]
[12/22/2024, 10:59:00 PM] [[33mDEBUG[0m] [
  [32m'Analyzing components in /Applications/Visual Studio Code - Insiders.app/Contents/Resources/app/extensions/node_modules/typescript/lib/lib.es2019.d.ts (changed) (1ms total)'[39m
]
[12/22/2024, 10:59:00 PM] [[33mDEBUG[0m] [
  [32m'Analyzing components in /Applications/Visual Studio Code - Insiders.app/Contents/Resources/app/extensions/node_modules/typescript/lib/lib.es2020.d.ts (changed) (1ms total)'[39m
]
[12/22/2024, 10:59:00 PM] [[33mDEBUG[0m] [
  [32m'Analyzing components in /Applications/Visual Studio Code - Insiders.app/Contents/Resources/app/extensions/node_modules/typescript/lib/lib.es2021.d.ts (changed) (1ms total)'[39m
]
[12/22/2024, 10:59:00 PM] [[33mDEBUG[0m] [
  [32m'Analyzing components in /Applications/Visual Studio Code - Insiders.app/Contents/Resources/app/extensions/node_modules/typescript/lib/lib.es2022.d.ts (changed) (1ms total)'[39m
]
[12/22/2024, 10:59:00 PM] [[33mDEBUG[0m] [
  [32m'Analyzing components in /Applications/Visual Studio Code - Insiders.app/Contents/Resources/app/extensions/node_modules/typescript/lib/lib.es2023.d.ts (changed) (1ms total)'[39m
]
[12/22/2024, 10:59:00 PM] [[33mDEBUG[0m] [
  [32m'Analyzing components in /Applications/Visual Studio Code - Insiders.app/Contents/Resources/app/extensions/node_modules/typescript/lib/lib.es2024.d.ts (changed) (1ms total)'[39m
]
[12/22/2024, 10:59:00 PM] [[33mDEBUG[0m] [
  [32m'Analyzing components in /Applications/Visual Studio Code - Insiders.app/Contents/Resources/app/extensions/node_modules/typescript/lib/lib.esnext.d.ts (changed) (1ms total)'[39m
]
[12/22/2024, 10:59:00 PM] [[33mDEBUG[0m] [
  [32m'Analyzing components in /Applications/Visual Studio Code - Insiders.app/Contents/Resources/app/extensions/node_modules/typescript/lib/lib.dom.d.ts (changed) (1ms total)'[39m
]
[12/22/2024, 10:59:01 PM] [[33mDEBUG[0m] [
  [32m'Analyzing components in /Applications/Visual Studio Code - Insiders.app/Contents/Resources/app/extensions/node_modules/typescript/lib/lib.dom.iterable.d.ts (changed) (389ms total)'[39m
]
[12/22/2024, 10:59:01 PM] [[33mDEBUG[0m] [
  [32m'Analyzing components in /Applications/Visual Studio Code - Insiders.app/Contents/Resources/app/extensions/node_modules/typescript/lib/lib.es2015.core.d.ts (changed) (393ms total)'[39m
]
[12/22/2024, 10:59:01 PM] [[33mDEBUG[0m] [
  [32m'Analyzing components in /Applications/Visual Studio Code - Insiders.app/Contents/Resources/app/extensions/node_modules/typescript/lib/lib.es2015.collection.d.ts (changed) (394ms total)'[39m
]
[12/22/2024, 10:59:01 PM] [[33mDEBUG[0m] [
  [32m'Analyzing components in /Applications/Visual Studio Code - Insiders.app/Contents/Resources/app/extensions/node_modules/typescript/lib/lib.es2015.generator.d.ts (changed) (396ms total)'[39m
]
[12/22/2024, 10:59:01 PM] [[33mDEBUG[0m] [
  [32m'Analyzing components in /Applications/Visual Studio Code - Insiders.app/Contents/Resources/app/extensions/node_modules/typescript/lib/lib.es2015.iterable.d.ts (changed) (396ms total)'[39m
]
[12/22/2024, 10:59:01 PM] [[33mDEBUG[0m] [
  [32m'Analyzing components in /Applications/Visual Studio Code - Insiders.app/Contents/Resources/app/extensions/node_modules/typescript/lib/lib.es2015.promise.d.ts (changed) (396ms total)'[39m
]
[12/22/2024, 10:59:01 PM] [[33mDEBUG[0m] [
  [32m'Analyzing components in /Applications/Visual Studio Code - Insiders.app/Contents/Resources/app/extensions/node_modules/typescript/lib/lib.es2015.proxy.d.ts (changed) (397ms total)'[39m
]
[12/22/2024, 10:59:01 PM] [[33mDEBUG[0m] [
  [32m'Analyzing components in /Applications/Visual Studio Code - Insiders.app/Contents/Resources/app/extensions/node_modules/typescript/lib/lib.es2015.reflect.d.ts (changed) (399ms total)'[39m
]
[12/22/2024, 10:59:01 PM] [[33mDEBUG[0m] [
  [32m'Analyzing components in /Applications/Visual Studio Code - Insiders.app/Contents/Resources/app/extensions/node_modules/typescript/lib/lib.es2015.symbol.d.ts (changed) (402ms total)'[39m
]
[12/22/2024, 10:59:01 PM] [[33mDEBUG[0m] [
  [32m'Analyzing components in /Applications/Visual Studio Code - Insiders.app/Contents/Resources/app/extensions/node_modules/typescript/lib/lib.es2015.symbol.wellknown.d.ts (changed) (403ms total)'[39m
]
[12/22/2024, 10:59:01 PM] [[33mDEBUG[0m] [
  [32m'Analyzing components in /Applications/Visual Studio Code - Insiders.app/Contents/Resources/app/extensions/node_modules/typescript/lib/lib.es2016.array.include.d.ts (changed) (403ms total)'[39m
]
[12/22/2024, 10:59:01 PM] [[33mDEBUG[0m] [
  [32m'Analyzing components in /Applications/Visual Studio Code - Insiders.app/Contents/Resources/app/extensions/node_modules/typescript/lib/lib.es2016.intl.d.ts (changed) (403ms total)'[39m
]
[12/22/2024, 10:59:01 PM] [[33mDEBUG[0m] [
  [32m'Analyzing components in /Applications/Visual Studio Code - Insiders.app/Contents/Resources/app/extensions/node_modules/typescript/lib/lib.es2017.arraybuffer.d.ts (changed) (403ms total)'[39m
]
[12/22/2024, 10:59:01 PM] [[33mDEBUG[0m] [
  [32m'Analyzing components in /Applications/Visual Studio Code - Insiders.app/Contents/Resources/app/extensions/node_modules/typescript/lib/lib.es2017.date.d.ts (changed) (403ms total)'[39m
]
[12/22/2024, 10:59:01 PM] [[33mDEBUG[0m] [
  [32m'Analyzing components in /Applications/Visual Studio Code - Insiders.app/Contents/Resources/app/extensions/node_modules/typescript/lib/lib.es2017.object.d.ts (changed) (403ms total)'[39m
]
[12/22/2024, 10:59:01 PM] [[33mDEBUG[0m] [
  [32m'Analyzing components in /Applications/Visual Studio Code - Insiders.app/Contents/Resources/app/extensions/node_modules/typescript/lib/lib.es2017.sharedmemory.d.ts (changed) (403ms total)'[39m
]
[12/22/2024, 10:59:01 PM] [[33mDEBUG[0m] [
  [32m'Analyzing components in /Applications/Visual Studio Code - Insiders.app/Contents/Resources/app/extensions/node_modules/typescript/lib/lib.es2017.string.d.ts (changed) (404ms total)'[39m
]
[12/22/2024, 10:59:01 PM] [[33mDEBUG[0m] [
  [32m'Analyzing components in /Applications/Visual Studio Code - Insiders.app/Contents/Resources/app/extensions/node_modules/typescript/lib/lib.es2017.intl.d.ts (changed) (404ms total)'[39m
]
[12/22/2024, 10:59:01 PM] [[33mDEBUG[0m] [
  [32m'Analyzing components in /Applications/Visual Studio Code - Insiders.app/Contents/Resources/app/extensions/node_modules/typescript/lib/lib.es2017.typedarrays.d.ts (changed) (404ms total)'[39m
]
[12/22/2024, 10:59:01 PM] [[33mDEBUG[0m] [
  [32m'Analyzing components in /Applications/Visual Studio Code - Insiders.app/Contents/Resources/app/extensions/node_modules/typescript/lib/lib.es2018.asyncgenerator.d.ts (changed) (404ms total)'[39m
]
[12/22/2024, 10:59:01 PM] [[33mDEBUG[0m] [
  [32m'Analyzing components in /Applications/Visual Studio Code - Insiders.app/Contents/Resources/app/extensions/node_modules/typescript/lib/lib.es2018.asynciterable.d.ts (changed) (404ms total)'[39m
]
[12/22/2024, 10:59:01 PM] [[33mDEBUG[0m] [
  [32m'Analyzing components in /Applications/Visual Studio Code - Insiders.app/Contents/Resources/app/extensions/node_modules/typescript/lib/lib.es2018.intl.d.ts (changed) (404ms total)'[39m
]
[12/22/2024, 10:59:01 PM] [[33mDEBUG[0m] [
  [32m'Analyzing components in /Applications/Visual Studio Code - Insiders.app/Contents/Resources/app/extensions/node_modules/typescript/lib/lib.es2018.promise.d.ts (changed) (404ms total)'[39m
]
[12/22/2024, 10:59:01 PM] [[33mDEBUG[0m] [
  [32m'Analyzing components in /Applications/Visual Studio Code - Insiders.app/Contents/Resources/app/extensions/node_modules/typescript/lib/lib.es2018.regexp.d.ts (changed) (404ms total)'[39m
]
[12/22/2024, 10:59:01 PM] [[33mDEBUG[0m] [
  [32m'Analyzing components in /Applications/Visual Studio Code - Insiders.app/Contents/Resources/app/extensions/node_modules/typescript/lib/lib.es2019.array.d.ts (changed) (405ms total)'[39m
]
[12/22/2024, 10:59:01 PM] [[33mDEBUG[0m] [
  [32m'Analyzing components in /Applications/Visual Studio Code - Insiders.app/Contents/Resources/app/extensions/node_modules/typescript/lib/lib.es2019.object.d.ts (changed) (405ms total)'[39m
]
[12/22/2024, 10:59:01 PM] [[33mDEBUG[0m] [
  [32m'Analyzing components in /Applications/Visual Studio Code - Insiders.app/Contents/Resources/app/extensions/node_modules/typescript/lib/lib.es2019.string.d.ts (changed) (405ms total)'[39m
]
[12/22/2024, 10:59:01 PM] [[33mDEBUG[0m] [
  [32m'Analyzing components in /Applications/Visual Studio Code - Insiders.app/Contents/Resources/app/extensions/node_modules/typescript/lib/lib.es2019.symbol.d.ts (changed) (405ms total)'[39m
]
[12/22/2024, 10:59:01 PM] [[33mDEBUG[0m] [
  [32m'Analyzing components in /Applications/Visual Studio Code - Insiders.app/Contents/Resources/app/extensions/node_modules/typescript/lib/lib.es2019.intl.d.ts (changed) (405ms total)'[39m
]
[12/22/2024, 10:59:01 PM] [[33mDEBUG[0m] [
  [32m'Analyzing components in /Applications/Visual Studio Code - Insiders.app/Contents/Resources/app/extensions/node_modules/typescript/lib/lib.es2020.bigint.d.ts (changed) (405ms total)'[39m
]
[12/22/2024, 10:59:01 PM] [[33mDEBUG[0m] [
  [32m'Analyzing components in /Applications/Visual Studio Code - Insiders.app/Contents/Resources/app/extensions/node_modules/typescript/lib/lib.es2020.date.d.ts (changed) (405ms total)'[39m
]
[12/22/2024, 10:59:01 PM] [[33mDEBUG[0m] [
  [32m'Analyzing components in /Applications/Visual Studio Code - Insiders.app/Contents/Resources/app/extensions/node_modules/typescript/lib/lib.es2020.promise.d.ts (changed) (405ms total)'[39m
]
[12/22/2024, 10:59:01 PM] [[33mDEBUG[0m] [
  [32m'Analyzing components in /Applications/Visual Studio Code - Insiders.app/Contents/Resources/app/extensions/node_modules/typescript/lib/lib.es2020.sharedmemory.d.ts (changed) (405ms total)'[39m
]
[12/22/2024, 10:59:01 PM] [[33mDEBUG[0m] [
  [32m'Analyzing components in /Applications/Visual Studio Code - Insiders.app/Contents/Resources/app/extensions/node_modules/typescript/lib/lib.es2020.string.d.ts (changed) (405ms total)'[39m
]
[12/22/2024, 10:59:01 PM] [[33mDEBUG[0m] [
  [32m'Analyzing components in /Applications/Visual Studio Code - Insiders.app/Contents/Resources/app/extensions/node_modules/typescript/lib/lib.es2020.symbol.wellknown.d.ts (changed) (405ms total)'[39m
]
[12/22/2024, 10:59:01 PM] [[33mDEBUG[0m] [
  [32m'Analyzing components in /Applications/Visual Studio Code - Insiders.app/Contents/Resources/app/extensions/node_modules/typescript/lib/lib.es2020.intl.d.ts (changed) (405ms total)'[39m
]
[12/22/2024, 10:59:01 PM] [[33mDEBUG[0m] [
  [32m'Analyzing components in /Applications/Visual Studio Code - Insiders.app/Contents/Resources/app/extensions/node_modules/typescript/lib/lib.es2020.number.d.ts (changed) (405ms total)'[39m
]
[12/22/2024, 10:59:01 PM] [[33mDEBUG[0m] [
  [32m'Analyzing components in /Applications/Visual Studio Code - Insiders.app/Contents/Resources/app/extensions/node_modules/typescript/lib/lib.es2021.promise.d.ts (changed) (406ms total)'[39m
]
[12/22/2024, 10:59:01 PM] [[33mDEBUG[0m] [
  [32m'Analyzing components in /Applications/Visual Studio Code - Insiders.app/Contents/Resources/app/extensions/node_modules/typescript/lib/lib.es2021.string.d.ts (changed) (406ms total)'[39m
]
[12/22/2024, 10:59:01 PM] [[33mDEBUG[0m] [
  [32m'Analyzing components in /Applications/Visual Studio Code - Insiders.app/Contents/Resources/app/extensions/node_modules/typescript/lib/lib.es2021.weakref.d.ts (changed) (406ms total)'[39m
]
[12/22/2024, 10:59:01 PM] [[33mDEBUG[0m] [
  [32m'Analyzing components in /Applications/Visual Studio Code - Insiders.app/Contents/Resources/app/extensions/node_modules/typescript/lib/lib.es2021.intl.d.ts (changed) (406ms total)'[39m
]
[12/22/2024, 10:59:01 PM] [[33mDEBUG[0m] [
  [32m'Analyzing components in /Applications/Visual Studio Code - Insiders.app/Contents/Resources/app/extensions/node_modules/typescript/lib/lib.es2022.array.d.ts (changed) (406ms total)'[39m
]
[12/22/2024, 10:59:01 PM] [[33mDEBUG[0m] [
  [32m'Analyzing components in /Applications/Visual Studio Code - Insiders.app/Contents/Resources/app/extensions/node_modules/typescript/lib/lib.es2022.error.d.ts (changed) (406ms total)'[39m
]
[12/22/2024, 10:59:01 PM] [[33mDEBUG[0m] [
  [32m'Analyzing components in /Applications/Visual Studio Code - Insiders.app/Contents/Resources/app/extensions/node_modules/typescript/lib/lib.es2022.intl.d.ts (changed) (406ms total)'[39m
]
[12/22/2024, 10:59:01 PM] [[33mDEBUG[0m] [
  [32m'Analyzing components in /Applications/Visual Studio Code - Insiders.app/Contents/Resources/app/extensions/node_modules/typescript/lib/lib.es2022.object.d.ts (changed) (406ms total)'[39m
]
[12/22/2024, 10:59:01 PM] [[33mDEBUG[0m] [
  [32m'Analyzing components in /Applications/Visual Studio Code - Insiders.app/Contents/Resources/app/extensions/node_modules/typescript/lib/lib.es2022.string.d.ts (changed) (406ms total)'[39m
]
[12/22/2024, 10:59:01 PM] [[33mDEBUG[0m] [
  [32m'Analyzing components in /Applications/Visual Studio Code - Insiders.app/Contents/Resources/app/extensions/node_modules/typescript/lib/lib.es2022.regexp.d.ts (changed) (406ms total)'[39m
]
[12/22/2024, 10:59:01 PM] [[33mDEBUG[0m] [
  [32m'Analyzing components in /Applications/Visual Studio Code - Insiders.app/Contents/Resources/app/extensions/node_modules/typescript/lib/lib.es2023.array.d.ts (changed) (406ms total)'[39m
]
[12/22/2024, 10:59:01 PM] [[33mDEBUG[0m] [
  [32m'Analyzing components in /Applications/Visual Studio Code - Insiders.app/Contents/Resources/app/extensions/node_modules/typescript/lib/lib.es2023.collection.d.ts (changed) (406ms total)'[39m
]
[12/22/2024, 10:59:01 PM] [[33mDEBUG[0m] [
  [32m'Analyzing components in /Applications/Visual Studio Code - Insiders.app/Contents/Resources/app/extensions/node_modules/typescript/lib/lib.es2023.intl.d.ts (changed) (407ms total)'[39m
]
[12/22/2024, 10:59:01 PM] [[33mDEBUG[0m] [
  [32m'Analyzing components in /Applications/Visual Studio Code - Insiders.app/Contents/Resources/app/extensions/node_modules/typescript/lib/lib.es2024.arraybuffer.d.ts (changed) (407ms total)'[39m
]
[12/22/2024, 10:59:01 PM] [[33mDEBUG[0m] [
  [32m'Analyzing components in /Applications/Visual Studio Code - Insiders.app/Contents/Resources/app/extensions/node_modules/typescript/lib/lib.es2024.collection.d.ts (changed) (407ms total)'[39m
]
[12/22/2024, 10:59:01 PM] [[33mDEBUG[0m] [
  [32m'Analyzing components in /Applications/Visual Studio Code - Insiders.app/Contents/Resources/app/extensions/node_modules/typescript/lib/lib.es2024.object.d.ts (changed) (407ms total)'[39m
]
[12/22/2024, 10:59:01 PM] [[33mDEBUG[0m] [
  [32m'Analyzing components in /Applications/Visual Studio Code - Insiders.app/Contents/Resources/app/extensions/node_modules/typescript/lib/lib.es2024.promise.d.ts (changed) (407ms total)'[39m
]
[12/22/2024, 10:59:01 PM] [[33mDEBUG[0m] [
  [32m'Analyzing components in /Applications/Visual Studio Code - Insiders.app/Contents/Resources/app/extensions/node_modules/typescript/lib/lib.es2024.regexp.d.ts (changed) (407ms total)'[39m
]
[12/22/2024, 10:59:01 PM] [[33mDEBUG[0m] [
  [32m'Analyzing components in /Applications/Visual Studio Code - Insiders.app/Contents/Resources/app/extensions/node_modules/typescript/lib/lib.es2024.sharedmemory.d.ts (changed) (407ms total)'[39m
]
[12/22/2024, 10:59:01 PM] [[33mDEBUG[0m] [
  [32m'Analyzing components in /Applications/Visual Studio Code - Insiders.app/Contents/Resources/app/extensions/node_modules/typescript/lib/lib.es2024.string.d.ts (changed) (407ms total)'[39m
]
[12/22/2024, 10:59:01 PM] [[33mDEBUG[0m] [
  [32m'Analyzing components in /Applications/Visual Studio Code - Insiders.app/Contents/Resources/app/extensions/node_modules/typescript/lib/lib.esnext.array.d.ts (changed) (407ms total)'[39m
]
[12/22/2024, 10:59:01 PM] [[33mDEBUG[0m] [
  [32m'Analyzing components in /Applications/Visual Studio Code - Insiders.app/Contents/Resources/app/extensions/node_modules/typescript/lib/lib.esnext.collection.d.ts (changed) (407ms total)'[39m
]
[12/22/2024, 10:59:01 PM] [[33mDEBUG[0m] [
  [32m'Analyzing components in /Applications/Visual Studio Code - Insiders.app/Contents/Resources/app/extensions/node_modules/typescript/lib/lib.esnext.intl.d.ts (changed) (407ms total)'[39m
]
[12/22/2024, 10:59:01 PM] [[33mDEBUG[0m] [
  [32m'Analyzing components in /Applications/Visual Studio Code - Insiders.app/Contents/Resources/app/extensions/node_modules/typescript/lib/lib.esnext.disposable.d.ts (changed) (407ms total)'[39m
]
[12/22/2024, 10:59:01 PM] [[33mDEBUG[0m] [
  [32m'Analyzing components in /Applications/Visual Studio Code - Insiders.app/Contents/Resources/app/extensions/node_modules/typescript/lib/lib.esnext.decorators.d.ts (changed) (407ms total)'[39m
]
[12/22/2024, 10:59:01 PM] [[33mDEBUG[0m] [
  [32m'Analyzing components in /Applications/Visual Studio Code - Insiders.app/Contents/Resources/app/extensions/node_modules/typescript/lib/lib.esnext.iterator.d.ts (changed) (407ms total)'[39m
]
[12/22/2024, 10:59:01 PM] [[33mDEBUG[0m] [
  [32m'Analyzing components in /Applications/Visual Studio Code - Insiders.app/Contents/Resources/app/extensions/node_modules/typescript/lib/lib.decorators.d.ts (changed) (408ms total)'[39m
]
[12/22/2024, 10:59:01 PM] [[33mDEBUG[0m] [
  [32m'Analyzing components in /Applications/Visual Studio Code - Insiders.app/Contents/Resources/app/extensions/node_modules/typescript/lib/lib.decorators.legacy.d.ts (changed) (408ms total)'[39m
]
[12/22/2024, 10:59:01 PM] [[33mDEBUG[0m] [
  [32m'Analyzing components in /Users/ipw51/Documents/repos/griffidi/wc-rask/packages/chomp-extensions/src/index.ts (changed) (408ms total)'[39m
]
[12/22/2024, 10:59:01 PM] [[33mDEBUG[0m] [
  [32m'Analyzing components in /Users/ipw51/Documents/repos/griffidi/wc-rask/node_modules/@lit/reactive-element/development/css-tag.d.ts (changed) (408ms total)'[39m
]
[12/22/2024, 10:59:01 PM] [[33mDEBUG[0m] [
  [32m'Analyzing components in /Users/ipw51/Documents/repos/griffidi/wc-rask/node_modules/@lit/reactive-element/development/reactive-controller.d.ts (changed) (408ms total)'[39m
]
[12/22/2024, 10:59:01 PM] [[33mDEBUG[0m] [
  [32m'Analyzing components in /Users/ipw51/Documents/repos/griffidi/wc-rask/node_modules/@lit/reactive-element/development/reactive-element.d.ts (changed) (409ms total)'[39m
]
[12/22/2024, 10:59:01 PM] [[33mDEBUG[0m] [
  [32m'Analyzing components in /Users/ipw51/Documents/repos/griffidi/wc-rask/node_modules/lit-html/development/directive.d.ts (changed) (413ms total)'[39m
]
[12/22/2024, 10:59:01 PM] [[33mDEBUG[0m] [
  [32m'Analyzing components in /Users/ipw51/Documents/repos/griffidi/wc-rask/node_modules/@types/trusted-types/lib/index.d.ts (changed) (415ms total)'[39m
]
[12/22/2024, 10:59:01 PM] [[33mDEBUG[0m] [
  [32m'Analyzing components in /Users/ipw51/Documents/repos/griffidi/wc-rask/node_modules/lit-html/development/lit-html.d.ts (changed) (416ms total)'[39m
]
[12/22/2024, 10:59:01 PM] [[33mDEBUG[0m] [
  [32m'Analyzing components in /Users/ipw51/Documents/repos/griffidi/wc-rask/node_modules/lit-element/development/lit-element.d.ts (changed) (440ms total)'[39m
]
[12/22/2024, 10:59:01 PM] [[33mDEBUG[0m] [
  [32m'Analyzing components in /Users/ipw51/Documents/repos/griffidi/wc-rask/node_modules/lit-html/development/is-server.d.ts (changed) (447ms total)'[39m
]
[12/22/2024, 10:59:01 PM] [[33mDEBUG[0m] [
  [32m'Analyzing components in /Users/ipw51/Documents/repos/griffidi/wc-rask/node_modules/lit/development/index.d.ts (changed) (448ms total)'[39m
]
[12/22/2024, 10:59:01 PM] [[36mVERBOSE[0m] [
  [32m'Analyzed 88 files (0 invalidated) in 449ms'[39m
]
[12/22/2024, 10:59:01 PM] [[36mVERBOSE[0m] [
  [32m'[getSemanticDiagnostics] Finished (467ms): Result: '[39m,
  [32m'Array: 1 length'[39m
]
[12/22/2024, 10:59:01 PM] [[35mWARN[0m] [
  [32m'[getSemanticDiagnostics] took long time to complete! (467ms)'[39m
]
[12/22/2024, 10:59:01 PM] [[36mVERBOSE[0m] [ [32m'[getSuggestionDiagnostics] Called'[39m ]
[12/22/2024, 10:59:01 PM] [[36mVERBOSE[0m] [
  [32m'[getSuggestionDiagnostics] Finished (4ms): Result: '[39m,
  [32m'Array: 0 length'[39m
]
[12/22/2024, 10:59:01 PM] [[36mVERBOSE[0m] [ [32m'[getSyntacticDiagnostics] Called'[39m ]
[12/22/2024, 10:59:01 PM] [[36mVERBOSE[0m] [
  [32m'[getSyntacticDiagnostics] Finished (1ms): Result: '[39m,
  [32m'Array: 0 length'[39m
]
[12/22/2024, 10:59:01 PM] [[36mVERBOSE[0m] [ [32m'[getSemanticDiagnostics] Called'[39m ]
[12/22/2024, 10:59:01 PM] [[36mVERBOSE[0m] [
  [32m'Analyzed 0 files (0 invalidated) in 0ms'[39m
]
[12/22/2024, 10:59:01 PM] [[36mVERBOSE[0m] [
  [32m'[getSemanticDiagnostics] Finished (1ms): Result: '[39m,
  [32m'Array: 0 length'[39m
]
[12/22/2024, 10:59:01 PM] [[36mVERBOSE[0m] [ [32m'[getSuggestionDiagnostics] Called'[39m ]
[12/22/2024, 10:59:01 PM] [[36mVERBOSE[0m] [
  [32m'[getSuggestionDiagnostics] Finished (0ms): Result: '[39m,
  [32m'Array: 0 length'[39m
]
[12/22/2024, 10:59:01 PM] [[36mVERBOSE[0m] [ [32m'[getApplicableRefactors] Called'[39m ]
[12/22/2024, 10:59:01 PM] [[36mVERBOSE[0m] [
  [32m'[getApplicableRefactors] Finished (0ms): Result: '[39m,
  [32m'Array: 12 length'[39m
]
[12/22/2024, 10:59:01 PM] [[36mVERBOSE[0m] [
  [32m'[getEncodedSemanticClassifications] Called'[39m
]
[12/22/2024, 10:59:01 PM] [[36mVERBOSE[0m] [
  [32m'[getEncodedSemanticClassifications] Finished (1ms): Result: '[39m,
  [32m'defined'[39m
]
[12/22/2024, 10:59:02 PM] [[36mVERBOSE[0m] [ [32m'[getApplicableRefactors] Called'[39m ]
[12/22/2024, 10:59:02 PM] [[36mVERBOSE[0m] [
  [32m'[getApplicableRefactors] Finished (1ms): Result: '[39m,
  [32m'Array: 13 length'[39m
]
[12/22/2024, 10:59:05 PM] [[36mVERBOSE[0m] [ [32m'[getApplicableRefactors] Called'[39m ]
[12/22/2024, 10:59:05 PM] [[36mVERBOSE[0m] [
  [32m'[getApplicableRefactors] Finished (5ms): Result: '[39m,
  [32m'Array: 14 length'[39m
]
[12/22/2024, 10:59:05 PM] [[36mVERBOSE[0m] [ [32m'[getCodeFixesAtPosition] Called'[39m ]
[12/22/2024, 10:59:05 PM] [[36mVERBOSE[0m] [
  [32m'Analyzed 0 files (0 invalidated) in 0ms'[39m
]
[12/22/2024, 10:59:05 PM] [[36mVERBOSE[0m] [
  [32m'[getCodeFixesAtPosition] Finished (1ms): Result: '[39m,
  [32m'Array: 0 length'[39m
]
[12/22/2024, 10:59:06 PM] [[36mVERBOSE[0m] [ [32m'[getCurrentProgram] Called'[39m ]
[12/22/2024, 10:59:06 PM] [[36mVERBOSE[0m] [
  [32m'[getCurrentProgram] Finished (1ms): Result: '[39m,
  [32m'defined'[39m
]
[12/22/2024, 10:59:06 PM] [[36mVERBOSE[0m] [ [32m'[getProgram] Called'[39m ]
[12/22/2024, 10:59:06 PM] [[36mVERBOSE[0m] [
  [32m'[getProgram] Finished (6ms): Result: '[39m,
  [32m'defined'[39m
]
[12/22/2024, 10:59:06 PM] [[36mVERBOSE[0m] [
  [32m'[getCompilerOptionsDiagnostics] Called'[39m
]
[12/22/2024, 10:59:06 PM] [[36mVERBOSE[0m] [
  [32m'[getCompilerOptionsDiagnostics] Finished (0ms): Result: '[39m,
  [32m'Array: 0 length'[39m
]
[12/22/2024, 10:59:06 PM] [[36mVERBOSE[0m] [
  [32m'[getEncodedSemanticClassifications] Called'[39m
]
[12/22/2024, 10:59:06 PM] [[36mVERBOSE[0m] [
  [32m'[getEncodedSemanticClassifications] Finished (0ms): Result: '[39m,
  [32m'defined'[39m
]
[12/22/2024, 10:59:06 PM] [[36mVERBOSE[0m] [ [32m'[getApplicableRefactors] Called'[39m ]
[12/22/2024, 10:59:06 PM] [[36mVERBOSE[0m] [
  [32m'[getApplicableRefactors] Finished (1ms): Result: '[39m,
  [32m'Array: 12 length'[39m
]
[12/22/2024, 10:59:06 PM] [[36mVERBOSE[0m] [ [32m'[getSyntacticDiagnostics] Called'[39m ]
[12/22/2024, 10:59:06 PM] [[36mVERBOSE[0m] [
  [32m'[getSyntacticDiagnostics] Finished (1ms): Result: '[39m,
  [32m'Array: 0 length'[39m
]
[12/22/2024, 10:59:06 PM] [[36mVERBOSE[0m] [ [32m'[getSemanticDiagnostics] Called'[39m ]
[12/22/2024, 10:59:06 PM] [[33mDEBUG[0m] [
  [32m'Analyzing components in /Users/ipw51/Documents/repos/griffidi/wc-rask/packages/chomp-extensions/src/index.ts (changed) (0ms total)'[39m
]
[12/22/2024, 10:59:06 PM] [[36mVERBOSE[0m] [
  [32m'Analyzed 1 files (0 invalidated) in 1ms'[39m
]
[12/22/2024, 10:59:06 PM] [[36mVERBOSE[0m] [
  [32m'[getSemanticDiagnostics] Finished (1ms): Result: '[39m,
  [32m'Array: 0 length'[39m
]
[12/22/2024, 10:59:06 PM] [[36mVERBOSE[0m] [ [32m'[getSuggestionDiagnostics] Called'[39m ]
[12/22/2024, 10:59:06 PM] [[36mVERBOSE[0m] [
  [32m'[getSuggestionDiagnostics] Finished (1ms): Result: '[39m,
  [32m'Array: 0 length'[39m
]
[12/22/2024, 10:59:06 PM] [[36mVERBOSE[0m] [ [32m'[getSyntacticDiagnostics] Called'[39m ]
[12/22/2024, 10:59:06 PM] [[36mVERBOSE[0m] [
  [32m'[getSyntacticDiagnostics] Finished (1ms): Result: '[39m,
  [32m'Array: 0 length'[39m
]
[12/22/2024, 10:59:06 PM] [[36mVERBOSE[0m] [ [32m'[getSemanticDiagnostics] Called'[39m ]
[12/22/2024, 10:59:06 PM] [[36mVERBOSE[0m] [
  [32m'Analyzed 0 files (0 invalidated) in 0ms'[39m
]
[12/22/2024, 10:59:06 PM] [[36mVERBOSE[0m] [
  [32m'[getSemanticDiagnostics] Finished (1ms): Result: '[39m,
  [32m'Array: 0 length'[39m
]
[12/22/2024, 10:59:06 PM] [[36mVERBOSE[0m] [ [32m'[getSuggestionDiagnostics] Called'[39m ]
[12/22/2024, 10:59:06 PM] [[36mVERBOSE[0m] [
  [32m'[getSuggestionDiagnostics] Finished (1ms): Result: '[39m,
  [32m'Array: 0 length'[39m
]
[12/22/2024, 10:59:07 PM] [[36mVERBOSE[0m] [ [32m'[getApplicableRefactors] Called'[39m ]
[12/22/2024, 10:59:07 PM] [[36mVERBOSE[0m] [
  [32m'[getApplicableRefactors] Finished (0ms): Result: '[39m,
  [32m'Array: 12 length'[39m
]
[12/22/2024, 10:59:07 PM] [[36mVERBOSE[0m] [ [32m'[getSyntacticDiagnostics] Called'[39m ]
[12/22/2024, 10:59:07 PM] [[36mVERBOSE[0m] [
  [32m'[getSyntacticDiagnostics] Finished (1ms): Result: '[39m,
  [32m'Array: 0 length'[39m
]
[12/22/2024, 10:59:07 PM] [[36mVERBOSE[0m] [ [32m'[getSemanticDiagnostics] Called'[39m ]
[12/22/2024, 10:59:07 PM] [[36mVERBOSE[0m] [
  [32m'Analyzed 0 files (0 invalidated) in 0ms'[39m
]
[12/22/2024, 10:59:07 PM] [[36mVERBOSE[0m] [
  [32m'[getSemanticDiagnostics] Finished (2ms): Result: '[39m,
  [32m'Array: 0 length'[39m
]
[12/22/2024, 10:59:07 PM] [[36mVERBOSE[0m] [ [32m'[getSuggestionDiagnostics] Called'[39m ]
[12/22/2024, 10:59:07 PM] [[36mVERBOSE[0m] [
  [32m'[getSuggestionDiagnostics] Finished (1ms): Result: '[39m,
  [32m'Array: 0 length'[39m
]
[12/22/2024, 10:59:07 PM] [[36mVERBOSE[0m] [ [32m'[getSyntacticDiagnostics] Called'[39m ]
[12/22/2024, 10:59:07 PM] [[36mVERBOSE[0m] [
  [32m'[getSyntacticDiagnostics] Finished (4ms): Result: '[39m,
  [32m'Array: 0 length'[39m
]
[12/22/2024, 10:59:07 PM] [[36mVERBOSE[0m] [ [32m'[getSemanticDiagnostics] Called'[39m ]
[12/22/2024, 10:59:07 PM] [[36mVERBOSE[0m] [
  [32m'Analyzed 0 files (0 invalidated) in 0ms'[39m
]
[12/22/2024, 10:59:07 PM] [[36mVERBOSE[0m] [
  [32m'[getSemanticDiagnostics] Finished (1ms): Result: '[39m,
  [32m'Array: 0 length'[39m
]
[12/22/2024, 10:59:07 PM] [[36mVERBOSE[0m] [ [32m'[getSuggestionDiagnostics] Called'[39m ]
[12/22/2024, 10:59:07 PM] [[36mVERBOSE[0m] [
  [32m'[getSuggestionDiagnostics] Finished (1ms): Result: '[39m,
  [32m'Array: 0 length'[39m
]
[12/22/2024, 11:01:45 PM] [[36mVERBOSE[0m] [ [32m'[getSyntacticDiagnostics] Called'[39m ]
[12/22/2024, 11:01:45 PM] [[36mVERBOSE[0m] [
  [32m'[getSyntacticDiagnostics] Finished (3ms): Result: '[39m,
  [32m'Array: 0 length'[39m
]
[12/22/2024, 11:01:45 PM] [[36mVERBOSE[0m] [ [32m'[getSemanticDiagnostics] Called'[39m ]
[12/22/2024, 11:01:45 PM] [[36mVERBOSE[0m] [
  [32m'Analyzed 0 files (0 invalidated) in 0ms'[39m
]
[12/22/2024, 11:01:45 PM] [[36mVERBOSE[0m] [
  [32m'[getSemanticDiagnostics] Finished (2ms): Result: '[39m,
  [32m'Array: 0 length'[39m
]
[12/22/2024, 11:01:45 PM] [[36mVERBOSE[0m] [ [32m'[getSuggestionDiagnostics] Called'[39m ]
[12/22/2024, 11:01:45 PM] [[36mVERBOSE[0m] [
  [32m'[getSuggestionDiagnostics] Finished (1ms): Result: '[39m,
  [32m'Array: 0 length'[39m
]
[12/22/2024, 11:05:59 PM] [[36mVERBOSE[0m] [ [32m'[getCurrentProgram] Called'[39m ]
[12/22/2024, 11:05:59 PM] [[36mVERBOSE[0m] [
  [32m'[getCurrentProgram] Finished (1ms): Result: '[39m,
  [32m'defined'[39m
]
[12/22/2024, 11:05:59 PM] [[36mVERBOSE[0m] [ [32m'[getProgram] Called'[39m ]
[12/22/2024, 11:05:59 PM] [[36mVERBOSE[0m] [
  [32m'[getProgram] Finished (12ms): Result: '[39m,
  [32m'defined'[39m
]
[12/22/2024, 11:05:59 PM] [[36mVERBOSE[0m] [
  [32m'[getCompilerOptionsDiagnostics] Called'[39m
]
[12/22/2024, 11:05:59 PM] [[36mVERBOSE[0m] [
  [32m'[getCompilerOptionsDiagnostics] Finished (1ms): Result: '[39m,
  [32m'Array: 0 length'[39m
]
[12/22/2024, 11:06:01 PM] [[36mVERBOSE[0m] [ [32m'[getCurrentProgram] Called'[39m ]
[12/22/2024, 11:06:01 PM] [[36mVERBOSE[0m] [
  [32m'[getCurrentProgram] Finished (2ms): Result: '[39m,
  [32m'defined'[39m
]
[12/22/2024, 11:06:01 PM] [[36mVERBOSE[0m] [ [32m'[getProgram] Called'[39m ]
[12/22/2024, 11:06:01 PM] [[36mVERBOSE[0m] [
  [32m'[getProgram] Finished (45ms): Result: '[39m,
  [32m'defined'[39m
]
[12/22/2024, 11:06:01 PM] [[36mVERBOSE[0m] [ [32m'[getSyntacticDiagnostics] Called'[39m ]
[12/22/2024, 11:06:01 PM] [[36mVERBOSE[0m] [
  [32m'[getSyntacticDiagnostics] Finished (1ms): Result: '[39m,
  [32m'Array: 0 length'[39m
]
[12/22/2024, 11:06:01 PM] [[36mVERBOSE[0m] [ [32m'[getSemanticDiagnostics] Called'[39m ]
[12/22/2024, 11:06:01 PM] [[36mVERBOSE[0m] [
  [32m'Analyzed 0 files (0 invalidated) in 0ms'[39m
]
[12/22/2024, 11:06:01 PM] [[36mVERBOSE[0m] [
  [32m'[getSemanticDiagnostics] Finished (0ms): Result: '[39m,
  [32m'Array: 0 length'[39m
]
[12/22/2024, 11:06:01 PM] [[36mVERBOSE[0m] [ [32m'[getSuggestionDiagnostics] Called'[39m ]
[12/22/2024, 11:06:01 PM] [[36mVERBOSE[0m] [
  [32m'[getSuggestionDiagnostics] Finished (0ms): Result: '[39m,
  [32m'Array: 0 length'[39m
]
